# JRE version: OpenJDK Runtime Environment (8.0) (build 1.8.0-25-microsoft-b00)
# Java VM: OpenJDK 64-Bit Server VM (25.71-b00 mixed mode windows-amd64 compressed oops)
Heap:
 PSYoungGen      total 17920K, used 13227K [0x00000000d5b80000, 0x00000000d7b80000, 0x0000000100000000)
  eden space 11264K, 71% used [0x00000000d5b80000,0x00000000d6360af0,0x00000000d6680000)
  from space 6656K, 77% used [0x00000000d6680000,0x00000000d6b8a390,0x00000000d6d00000)
  to   space 7680K, 0% used [0x00000000d7400000,0x00000000d7400000,0x00000000d7b80000)
 ParOldGen       total 23552K, used 14905K [0x0000000081200000, 0x0000000082900000, 0x00000000d5b80000)
  object space 23552K, 63% used [0x0000000081200000,0x000000008208e420,0x0000000082900000)
 Metaspace       used 8006K, capacity 8788K, committed 8960K, reserved 1056768K
  class space    used 884K, capacity 912K, committed 1024K, reserved 1048576K
GC Heap History (10 events):
Event: 9.453 GC heap before
{Heap before GC invocations=10 (full 2):
 PSYoungGen      total 8704K, used 5632K [0x00000000d5b80000, 0x00000000d7080000, 0x0000000100000000)
  eden space 5632K, 100% used [0x00000000d5b80000,0x00000000d6100000,0x00000000d6100000)
  from space 3072K, 0% used [0x00000000d6100000,0x00000000d6100000,0x00000000d6400000)
  to   space 5120K, 0% used [0x00000000d6b80000,0x00000000d6b80000,0x00000000d7080000)
 ParOldGen       total 13312K, used 7641K [0x0000000081200000, 0x0000000081f00000, 0x00000000d5b80000)
  object space 13312K, 57% used [0x0000000081200000,0x0000000081976728,0x0000000081f00000)
 Metaspace       used 7377K, capacity 8244K, committed 8320K, reserved 1056768K
  class space    used 857K, capacity 880K, committed 896K, reserved 1048576K
Event: 9.454 GC heap after
Heap after GC invocations=10 (full 2):
 PSYoungGen      total 11264K, used 1728K [0x00000000d5b80000, 0x00000000d6d80000, 0x0000000100000000)
  eden space 9216K, 0% used [0x00000000d5b80000,0x00000000d5b80000,0x00000000d6480000)
  from space 2048K, 84% used [0x00000000d6b80000,0x00000000d6d30000,0x00000000d6d80000)
  to   space 4608K, 0% used [0x00000000d6480000,0x00000000d6480000,0x00000000d6900000)
 ParOldGen       total 13312K, used 7649K [0x0000000081200000, 0x0000000081f00000, 0x00000000d5b80000)
  object space 13312K, 57% used [0x0000000081200000,0x0000000081978728,0x0000000081f00000)
 Metaspace       used 7377K, capacity 8244K, committed 8320K, reserved 1056768K
  class space    used 857K, capacity 880K, committed 896K, reserved 1048576K
}
Event: 13.895 GC heap before
{Heap before GC invocations=11 (full 2):
 PSYoungGen      total 11264K, used 10944K [0x00000000d5b80000, 0x00000000d6d80000, 0x0000000100000000)
  eden space 9216K, 100% used [0x00000000d5b80000,0x00000000d6480000,0x00000000d6480000)
  from space 2048K, 84% used [0x00000000d6b80000,0x00000000d6d30000,0x00000000d6d80000)
  to   space 4608K, 0% used [0x00000000d6480000,0x00000000d6480000,0x00000000d6900000)
 ParOldGen       total 13312K, used 7649K [0x0000000081200000, 0x0000000081f00000, 0x00000000d5b80000)
  object space 13312K, 57% used [0x0000000081200000,0x0000000081978728,0x0000000081f00000)
 Metaspace       used 7543K, capacity 8372K, committed 8576K, reserved 1056768K
  class space    used 866K, capacity 880K, committed 896K, reserved 1048576K
Event: 13.916 GC heap after
Heap after GC invocations=11 (full 2):
 PSYoungGen      total 13824K, used 4578K [0x00000000d5b80000, 0x00000000d7280000, 0x0000000100000000)
  eden space 9216K, 0% used [0x00000000d5b80000,0x00000000d5b80000,0x00000000d6480000)
  from space 4608K, 99% used [0x00000000d6480000,0x00000000d68f88b8,0x00000000d6900000)
  to   space 5632K, 0% used [0x00000000d6d00000,0x00000000d6d00000,0x00000000d7280000)
 ParOldGen       total 13312K, used 8185K [0x0000000081200000, 0x0000000081f00000, 0x00000000d5b80000)
  object space 13312K, 61% used [0x0000000081200000,0x00000000819fe4a0,0x0000000081f00000)
 Metaspace       used 7543K, capacity 8372K, committed 8576K, reserved 1056768K
  class space    used 866K, capacity 880K, committed 896K, reserved 1048576K
}
Event: 13.999 GC heap before
{Heap before GC invocations=12 (full 2):
 PSYoungGen      total 13824K, used 13794K [0x00000000d5b80000, 0x00000000d7280000, 0x0000000100000000)
  eden space 9216K, 100% used [0x00000000d5b80000,0x00000000d6480000,0x00000000d6480000)
  from space 4608K, 99% used [0x00000000d6480000,0x00000000d68f88b8,0x00000000d6900000)
  to   space 5632K, 0% used [0x00000000d6d00000,0x00000000d6d00000,0x00000000d7280000)
 ParOldGen       total 13312K, used 8185K [0x0000000081200000, 0x0000000081f00000, 0x00000000d5b80000)
  object space 13312K, 61% used [0x0000000081200000,0x00000000819fe4a0,0x0000000081f00000)
 Metaspace       used 7715K, capacity 8532K, committed 8704K, reserved 1056768K
  class space    used 877K, capacity 912K, committed 1024K, reserved 1048576K
Event: 14.012 GC heap after
Heap after GC invocations=12 (full 2):
 PSYoungGen      total 16896K, used 5615K [0x00000000d5b80000, 0x00000000d7600000, 0x0000000100000000)
  eden space 11264K, 0% used [0x00000000d5b80000,0x00000000d5b80000,0x00000000d6680000)
  from space 5632K, 99% used [0x00000000d6d00000,0x00000000d727bd98,0x00000000d7280000)
  to   space 6656K, 0% used [0x00000000d6680000,0x00000000d6680000,0x00000000d6d00000)
 ParOldGen       total 13312K, used 9562K [0x0000000081200000, 0x0000000081f00000, 0x00000000d5b80000)
  object space 13312K, 71% used [0x0000000081200000,0x0000000081b56b88,0x0000000081f00000)
 Metaspace       used 7715K, capacity 8532K, committed 8704K, reserved 1056768K
  class space    used 877K, capacity 912K, committed 1024K, reserved 1048576K
}
Event: 14.126 GC heap before
{Heap before GC invocations=13 (full 2):
 PSYoungGen      total 16896K, used 16879K [0x00000000d5b80000, 0x00000000d7600000, 0x0000000100000000)
  eden space 11264K, 100% used [0x00000000d5b80000,0x00000000d6680000,0x00000000d6680000)
  from space 5632K, 99% used [0x00000000d6d00000,0x00000000d727bd98,0x00000000d7280000)
  to   space 6656K, 0% used [0x00000000d6680000,0x00000000d6680000,0x00000000d6d00000)
 ParOldGen       total 13312K, used 9562K [0x0000000081200000, 0x0000000081f00000, 0x00000000d5b80000)
  object space 13312K, 71% used [0x0000000081200000,0x0000000081b56b88,0x0000000081f00000)
 Metaspace       used 7877K, capacity 8660K, committed 8960K, reserved 1056768K
  class space    used 883K, capacity 912K, committed 1024K, reserved 1048576K
Event: 14.145 GC heap after
Heap after GC invocations=13 (full 2):
 PSYoungGen      total 17920K, used 5822K [0x00000000d5b80000, 0x00000000d7b80000, 0x0000000100000000)
  eden space 11264K, 0% used [0x00000000d5b80000,0x00000000d5b80000,0x00000000d6680000)
  from space 6656K, 87% used [0x00000000d6680000,0x00000000d6c2fba8,0x00000000d6d00000)
  to   space 7680K, 0% used [0x00000000d7400000,0x00000000d7400000,0x00000000d7b80000)
 ParOldGen       total 15360K, used 15354K [0x0000000081200000, 0x0000000082100000, 0x00000000d5b80000)
  object space 15360K, 99% used [0x0000000081200000,0x00000000820feb68,0x0000000082100000)
 Metaspace       used 7877K, capacity 8660K, committed 8960K, reserved 1056768K
  class space    used 883K, capacity 912K, committed 1024K, reserved 1048576K
}
Event: 14.145 GC heap before
{Heap before GC invocations=14 (full 3):
 PSYoungGen      total 17920K, used 5822K [0x00000000d5b80000, 0x00000000d7b80000, 0x0000000100000000)
  eden space 11264K, 0% used [0x00000000d5b80000,0x00000000d5b80000,0x00000000d6680000)
  from space 6656K, 87% used [0x00000000d6680000,0x00000000d6c2fba8,0x00000000d6d00000)
  to   space 7680K, 0% used [0x00000000d7400000,0x00000000d7400000,0x00000000d7b80000)
 ParOldGen       total 15360K, used 15354K [0x0000000081200000, 0x0000000082100000, 0x00000000d5b80000)
  object space 15360K, 99% used [0x0000000081200000,0x00000000820feb68,0x0000000082100000)
 Metaspace       used 7877K, capacity 8660K, committed 8960K, reserved 1056768K
  class space    used 883K, capacity 912K, committed 1024K, reserved 1048576K
Event: 14.559 GC heap after
Heap after GC invocations=14 (full 3):
 PSYoungGen      total 17920K, used 5160K [0x00000000d5b80000, 0x00000000d7b80000, 0x0000000100000000)
  eden space 11264K, 0% used [0x00000000d5b80000,0x00000000d5b80000,0x00000000d6680000)
  from space 6656K, 77% used [0x00000000d6680000,0x00000000d6b8a390,0x00000000d6d00000)
  to   space 7680K, 0% used [0x00000000d7400000,0x00000000d7400000,0x00000000d7b80000)
 ParOldGen       total 23552K, used 14905K [0x0000000081200000, 0x0000000082900000, 0x00000000d5b80000)
  object space 23552K, 63% used [0x0000000081200000,0x000000008208e420,0x0000000082900000)
 Metaspace       used 7877K, capacity 8660K, committed 8960K, reserved 1056768K
  class space    used 883K, capacity 912K, committed 1024K, reserved 1048576K
}

