# JRE version: OpenJDK Runtime Environment (8.0) (build 1.8.0-25-microsoft-b00)
# Java VM: OpenJDK 64-Bit Server VM (25.71-b00 mixed mode windows-amd64 compressed oops)
Heap:
 PSYoungGen      total 324096K, used 22980K [0x00000000eab00000, 0x0000000100000000, 0x0000000100000000)
  eden space 303104K, 1% used [0x00000000eab00000,0x00000000eae3c8a0,0x00000000fd300000)
  from space 20992K, 93% used [0x00000000feb80000,0x00000000ffeb4ae8,0x0000000100000000)
  to   space 23040K, 0% used [0x00000000fd300000,0x00000000fd300000,0x00000000fe980000)
 ParOldGen       total 102912K, used 66135K [0x00000000c0000000, 0x00000000c6480000, 0x00000000eab00000)
  object space 102912K, 64% used [0x00000000c0000000,0x00000000c4095c50,0x00000000c6480000)
 Metaspace       used 16556K, capacity 17408K, committed 17536K, reserved 1064960K
  class space    used 1928K, capacity 2096K, committed 2176K, reserved 1048576K
GC Heap History (10 events):
Event: 8.577 GC heap before
{Heap before GC invocations=13 (full 1):
 PSYoungGen      total 326656K, used 305664K [0x00000000eab00000, 0x0000000100000000, 0x0000000100000000)
  eden space 305664K, 100% used [0x00000000eab00000,0x00000000fd580000,0x00000000fd580000)
  from space 20992K, 0% used [0x00000000fd580000,0x00000000fd580000,0x00000000fea00000)
  to   space 20992K, 0% used [0x00000000feb80000,0x00000000feb80000,0x0000000100000000)
 ParOldGen       total 102912K, used 37844K [0x00000000c0000000, 0x00000000c6480000, 0x00000000eab00000)
  object space 102912K, 36% used [0x00000000c0000000,0x00000000c24f51b0,0x00000000c6480000)
 Metaspace       used 15331K, capacity 16012K, committed 16128K, reserved 1062912K
  class space    used 1799K, capacity 1972K, committed 2048K, reserved 1048576K
Event: 8.600 GC heap after
Heap after GC invocations=13 (full 1):
 PSYoungGen      total 328192K, used 7552K [0x00000000eab00000, 0x0000000100000000, 0x0000000100000000)
  eden space 307200K, 0% used [0x00000000eab00000,0x00000000eab00000,0x00000000fd700000)
  from space 20992K, 35% used [0x00000000feb80000,0x00000000ff2e0000,0x0000000100000000)
  to   space 20992K, 0% used [0x00000000fd700000,0x00000000fd700000,0x00000000feb80000)
 ParOldGen       total 102912K, used 37844K [0x00000000c0000000, 0x00000000c6480000, 0x00000000eab00000)
  object space 102912K, 36% used [0x00000000c0000000,0x00000000c24f51b0,0x00000000c6480000)
 Metaspace       used 15331K, capacity 16012K, committed 16128K, reserved 1062912K
  class space    used 1799K, capacity 1972K, committed 2048K, reserved 1048576K
}
Event: 9.358 GC heap before
{Heap before GC invocations=14 (full 1):
 PSYoungGen      total 328192K, used 314752K [0x00000000eab00000, 0x0000000100000000, 0x0000000100000000)
  eden space 307200K, 100% used [0x00000000eab00000,0x00000000fd700000,0x00000000fd700000)
  from space 20992K, 35% used [0x00000000feb80000,0x00000000ff2e0000,0x0000000100000000)
  to   space 20992K, 0% used [0x00000000fd700000,0x00000000fd700000,0x00000000feb80000)
 ParOldGen       total 102912K, used 37844K [0x00000000c0000000, 0x00000000c6480000, 0x00000000eab00000)
  object space 102912K, 36% used [0x00000000c0000000,0x00000000c24f51b0,0x00000000c6480000)
 Metaspace       used 15355K, capacity 16024K, committed 16128K, reserved 1062912K
  class space    used 1801K, capacity 1974K, committed 2048K, reserved 1048576K
Event: 9.377 GC heap after
Heap after GC invocations=14 (full 1):
 PSYoungGen      total 328192K, used 6944K [0x00000000eab00000, 0x0000000100000000, 0x0000000100000000)
  eden space 307200K, 0% used [0x00000000eab00000,0x00000000eab00000,0x00000000fd700000)
  from space 20992K, 33% used [0x00000000fd700000,0x00000000fddc8000,0x00000000feb80000)
  to   space 20992K, 0% used [0x00000000feb80000,0x00000000feb80000,0x0000000100000000)
 ParOldGen       total 102912K, used 45274K [0x00000000c0000000, 0x00000000c6480000, 0x00000000eab00000)
  object space 102912K, 43% used [0x00000000c0000000,0x00000000c2c36a88,0x00000000c6480000)
 Metaspace       used 15355K, capacity 16024K, committed 16128K, reserved 1062912K
  class space    used 1801K, capacity 1974K, committed 2048K, reserved 1048576K
}
Event: 10.222 GC heap before
{Heap before GC invocations=15 (full 1):
 PSYoungGen      total 328192K, used 314144K [0x00000000eab00000, 0x0000000100000000, 0x0000000100000000)
  eden space 307200K, 100% used [0x00000000eab00000,0x00000000fd700000,0x00000000fd700000)
  from space 20992K, 33% used [0x00000000fd700000,0x00000000fddc8000,0x00000000feb80000)
  to   space 20992K, 0% used [0x00000000feb80000,0x00000000feb80000,0x0000000100000000)
 ParOldGen       total 102912K, used 45274K [0x00000000c0000000, 0x00000000c6480000, 0x00000000eab00000)
  object space 102912K, 43% used [0x00000000c0000000,0x00000000c2c36a88,0x00000000c6480000)
 Metaspace       used 15369K, capacity 16028K, committed 16128K, reserved 1062912K
  class space    used 1801K, capacity 1974K, committed 2048K, reserved 1048576K
Event: 10.243 GC heap after
Heap after GC invocations=15 (full 1):
 PSYoungGen      total 328192K, used 7200K [0x00000000eab00000, 0x0000000100000000, 0x0000000100000000)
  eden space 307200K, 0% used [0x00000000eab00000,0x00000000eab00000,0x00000000fd700000)
  from space 20992K, 34% used [0x00000000feb80000,0x00000000ff288000,0x0000000100000000)
  to   space 20992K, 0% used [0x00000000fd700000,0x00000000fd700000,0x00000000feb80000)
 ParOldGen       total 102912K, used 52063K [0x00000000c0000000, 0x00000000c6480000, 0x00000000eab00000)
  object space 102912K, 50% used [0x00000000c0000000,0x00000000c32d7e58,0x00000000c6480000)
 Metaspace       used 15369K, capacity 16028K, committed 16128K, reserved 1062912K
  class space    used 1801K, capacity 1974K, committed 2048K, reserved 1048576K
}
Event: 11.233 GC heap before
{Heap before GC invocations=16 (full 1):
 PSYoungGen      total 328192K, used 314400K [0x00000000eab00000, 0x0000000100000000, 0x0000000100000000)
  eden space 307200K, 100% used [0x00000000eab00000,0x00000000fd700000,0x00000000fd700000)
  from space 20992K, 34% used [0x00000000feb80000,0x00000000ff288000,0x0000000100000000)
  to   space 20992K, 0% used [0x00000000fd700000,0x00000000fd700000,0x00000000feb80000)
 ParOldGen       total 102912K, used 52063K [0x00000000c0000000, 0x00000000c6480000, 0x00000000eab00000)
  object space 102912K, 50% used [0x00000000c0000000,0x00000000c32d7e58,0x00000000c6480000)
 Metaspace       used 15377K, capacity 16028K, committed 16128K, reserved 1062912K
  class space    used 1801K, capacity 1974K, committed 2048K, reserved 1048576K
Event: 11.283 GC heap after
Heap after GC invocations=16 (full 1):
 PSYoungGen      total 328192K, used 7088K [0x00000000eab00000, 0x0000000100000000, 0x0000000100000000)
  eden space 307200K, 0% used [0x00000000eab00000,0x00000000eab00000,0x00000000fd700000)
  from space 20992K, 33% used [0x00000000fd700000,0x00000000fddec020,0x00000000feb80000)
  to   space 20992K, 0% used [0x00000000feb80000,0x00000000feb80000,0x0000000100000000)
 ParOldGen       total 102912K, used 59159K [0x00000000c0000000, 0x00000000c6480000, 0x00000000eab00000)
  object space 102912K, 57% used [0x00000000c0000000,0x00000000c39c5c30,0x00000000c6480000)
 Metaspace       used 15377K, capacity 16028K, committed 16128K, reserved 1062912K
  class space    used 1801K, capacity 1974K, committed 2048K, reserved 1048576K
}
Event: 13.699 GC heap before
{Heap before GC invocations=17 (full 1):
 PSYoungGen      total 328192K, used 314288K [0x00000000eab00000, 0x0000000100000000, 0x0000000100000000)
  eden space 307200K, 100% used [0x00000000eab00000,0x00000000fd700000,0x00000000fd700000)
  from space 20992K, 33% used [0x00000000fd700000,0x00000000fddec020,0x00000000feb80000)
  to   space 20992K, 0% used [0x00000000feb80000,0x00000000feb80000,0x0000000100000000)
 ParOldGen       total 102912K, used 59159K [0x00000000c0000000, 0x00000000c6480000, 0x00000000eab00000)
  object space 102912K, 57% used [0x00000000c0000000,0x00000000c39c5c30,0x00000000c6480000)
 Metaspace       used 16489K, capacity 17268K, committed 17536K, reserved 1064960K
  class space    used 1926K, capacity 2094K, committed 2176K, reserved 1048576K
Event: 13.735 GC heap after
Heap after GC invocations=17 (full 1):
 PSYoungGen      total 324096K, used 19666K [0x00000000eab00000, 0x0000000100000000, 0x0000000100000000)
  eden space 303104K, 0% used [0x00000000eab00000,0x00000000eab00000,0x00000000fd300000)
  from space 20992K, 93% used [0x00000000feb80000,0x00000000ffeb4ae8,0x0000000100000000)
  to   space 23040K, 0% used [0x00000000fd300000,0x00000000fd300000,0x00000000fe980000)
 ParOldGen       total 102912K, used 66135K [0x00000000c0000000, 0x00000000c6480000, 0x00000000eab00000)
  object space 102912K, 64% used [0x00000000c0000000,0x00000000c4095c50,0x00000000c6480000)
 Metaspace       used 16489K, capacity 17268K, committed 17536K, reserved 1064960K
  class space    used 1926K, capacity 2094K, committed 2176K, reserved 1048576K
}

